running egg_info
writing ../../build/safe_quadrotor/safe_quadrotor.egg-info/PKG-INFO
writing dependency_links to ../../build/safe_quadrotor/safe_quadrotor.egg-info/dependency_links.txt
writing entry points to ../../build/safe_quadrotor/safe_quadrotor.egg-info/entry_points.txt
writing requirements to ../../build/safe_quadrotor/safe_quadrotor.egg-info/requires.txt
writing top-level names to ../../build/safe_quadrotor/safe_quadrotor.egg-info/top_level.txt
reading manifest file '../../build/safe_quadrotor/safe_quadrotor.egg-info/SOURCES.txt'
writing manifest file '../../build/safe_quadrotor/safe_quadrotor.egg-info/SOURCES.txt'
running build
running build_py
running install
running install_lib
running install_data
running install_egg_info
removing '/home/mulham-baig/drone_ws/install/safe_quadrotor/lib/python3.12/site-packages/safe_quadrotor-0.0.0-py3.12.egg-info' (and everything under it)
Copying ../../build/safe_quadrotor/safe_quadrotor.egg-info to /home/mulham-baig/drone_ws/install/safe_quadrotor/lib/python3.12/site-packages/safe_quadrotor-0.0.0-py3.12.egg-info
running install_scripts
Installing flight_controller script to /home/mulham-baig/drone_ws/install/safe_quadrotor/lib/safe_quadrotor
Installing safety_monitor script to /home/mulham-baig/drone_ws/install/safe_quadrotor/lib/safe_quadrotor
Installing waypoint_navigator script to /home/mulham-baig/drone_ws/install/safe_quadrotor/lib/safe_quadrotor
writing list of installed files to '/home/mulham-baig/drone_ws/build/safe_quadrotor/install.log'
