running egg_info
creating ../../build/safe_quadrotor/safe_quadrotor.egg-info
writing ../../build/safe_quadrotor/safe_quadrotor.egg-info/PKG-INFO
writing dependency_links to ../../build/safe_quadrotor/safe_quadrotor.egg-info/dependency_links.txt
writing entry points to ../../build/safe_quadrotor/safe_quadrotor.egg-info/entry_points.txt
writing requirements to ../../build/safe_quadrotor/safe_quadrotor.egg-info/requires.txt
writing top-level names to ../../build/safe_quadrotor/safe_quadrotor.egg-info/top_level.txt
writing manifest file '../../build/safe_quadrotor/safe_quadrotor.egg-info/SOURCES.txt'
reading manifest file '../../build/safe_quadrotor/safe_quadrotor.egg-info/SOURCES.txt'
writing manifest file '../../build/safe_quadrotor/safe_quadrotor.egg-info/SOURCES.txt'
running build
running build_py
creating /home/mulham-baig/drone_ws/build/safe_quadrotor/build
creating /home/mulham-baig/drone_ws/build/safe_quadrotor/build/lib
creating /home/mulham-baig/drone_ws/build/safe_quadrotor/build/lib/safe_quadrotor
copying safe_quadrotor/flight_controller.py -> /home/mulham-baig/drone_ws/build/safe_quadrotor/build/lib/safe_quadrotor
copying safe_quadrotor/__init__.py -> /home/mulham-baig/drone_ws/build/safe_quadrotor/build/lib/safe_quadrotor
copying safe_quadrotor/waypoint_navigator.py -> /home/mulham-baig/drone_ws/build/safe_quadrotor/build/lib/safe_quadrotor
running install
running install_lib
creating /home/mulham-baig/drone_ws/install/safe_quadrotor/lib/python3.12/site-packages/safe_quadrotor
copying /home/mulham-baig/drone_ws/build/safe_quadrotor/build/lib/safe_quadrotor/flight_controller.py -> /home/mulham-baig/drone_ws/install/safe_quadrotor/lib/python3.12/site-packages/safe_quadrotor
copying /home/mulham-baig/drone_ws/build/safe_quadrotor/build/lib/safe_quadrotor/__init__.py -> /home/mulham-baig/drone_ws/install/safe_quadrotor/lib/python3.12/site-packages/safe_quadrotor
copying /home/mulham-baig/drone_ws/build/safe_quadrotor/build/lib/safe_quadrotor/waypoint_navigator.py -> /home/mulham-baig/drone_ws/install/safe_quadrotor/lib/python3.12/site-packages/safe_quadrotor
byte-compiling /home/mulham-baig/drone_ws/install/safe_quadrotor/lib/python3.12/site-packages/safe_quadrotor/flight_controller.py to flight_controller.cpython-312.pyc
byte-compiling /home/mulham-baig/drone_ws/install/safe_quadrotor/lib/python3.12/site-packages/safe_quadrotor/__init__.py to __init__.cpython-312.pyc
byte-compiling /home/mulham-baig/drone_ws/install/safe_quadrotor/lib/python3.12/site-packages/safe_quadrotor/waypoint_navigator.py to waypoint_navigator.cpython-312.pyc
running install_data
creating /home/mulham-baig/drone_ws/install/safe_quadrotor/share/ament_index
creating /home/mulham-baig/drone_ws/install/safe_quadrotor/share/ament_index/resource_index
creating /home/mulham-baig/drone_ws/install/safe_quadrotor/share/ament_index/resource_index/packages
copying resource/safe_quadrotor -> /home/mulham-baig/drone_ws/install/safe_quadrotor/share/ament_index/resource_index/packages
copying package.xml -> /home/mulham-baig/drone_ws/install/safe_quadrotor/share/safe_quadrotor
creating /home/mulham-baig/drone_ws/install/safe_quadrotor/share/safe_quadrotor/launch
copying launch/spawn_drone.launch.py -> /home/mulham-baig/drone_ws/install/safe_quadrotor/share/safe_quadrotor/launch
creating /home/mulham-baig/drone_ws/install/safe_quadrotor/share/safe_quadrotor/models
copying models/drone.urdf -> /home/mulham-baig/drone_ws/install/safe_quadrotor/share/safe_quadrotor/models
creating /home/mulham-baig/drone_ws/install/safe_quadrotor/share/safe_quadrotor/worlds
copying worlds/obstacle_world.sdf -> /home/mulham-baig/drone_ws/install/safe_quadrotor/share/safe_quadrotor/worlds
running install_egg_info
Copying ../../build/safe_quadrotor/safe_quadrotor.egg-info to /home/mulham-baig/drone_ws/install/safe_quadrotor/lib/python3.12/site-packages/safe_quadrotor-0.0.0-py3.12.egg-info
running install_scripts
Installing flight_controller script to /home/mulham-baig/drone_ws/install/safe_quadrotor/lib/safe_quadrotor
Installing waypoint_navigator script to /home/mulham-baig/drone_ws/install/safe_quadrotor/lib/safe_quadrotor
writing list of installed files to '/home/mulham-baig/drone_ws/build/safe_quadrotor/install.log'
