/home/mulham-baig/drone_ws/install/safe_quadrotor/lib/python3.12/site-packages/safe_quadrotor/flight_controller.py
/home/mulham-baig/drone_ws/install/safe_quadrotor/lib/python3.12/site-packages/safe_quadrotor/__init__.py
/home/mulham-baig/drone_ws/install/safe_quadrotor/lib/python3.12/site-packages/safe_quadrotor/safety_monitor.py
/home/mulham-baig/drone_ws/install/safe_quadrotor/lib/python3.12/site-packages/safe_quadrotor/waypoint_navigator.py
/home/mulham-baig/drone_ws/install/safe_quadrotor/lib/python3.12/site-packages/safe_quadrotor/__pycache__/flight_controller.cpython-312.pyc
/home/mulham-baig/drone_ws/install/safe_quadrotor/lib/python3.12/site-packages/safe_quadrotor/__pycache__/__init__.cpython-312.pyc
/home/mulham-baig/drone_ws/install/safe_quadrotor/lib/python3.12/site-packages/safe_quadrotor/__pycache__/safety_monitor.cpython-312.pyc
/home/mulham-baig/drone_ws/install/safe_quadrotor/lib/python3.12/site-packages/safe_quadrotor/__pycache__/waypoint_navigator.cpython-312.pyc
/home/mulham-baig/drone_ws/install/safe_quadrotor/share/ament_index/resource_index/packages/safe_quadrotor
/home/mulham-baig/drone_ws/install/safe_quadrotor/share/safe_quadrotor/package.xml
/home/mulham-baig/drone_ws/install/safe_quadrotor/share/safe_quadrotor/launch/spawn_drone.launch.py
/home/mulham-baig/drone_ws/install/safe_quadrotor/share/safe_quadrotor/models/drone.urdf
/home/mulham-baig/drone_ws/install/safe_quadrotor/share/safe_quadrotor/worlds/obstacle_world.sdf
/home/mulham-baig/drone_ws/install/safe_quadrotor/lib/python3.12/site-packages/safe_quadrotor-0.0.0-py3.12.egg-info/PKG-INFO
/home/mulham-baig/drone_ws/install/safe_quadrotor/lib/python3.12/site-packages/safe_quadrotor-0.0.0-py3.12.egg-info/dependency_links.txt
/home/mulham-baig/drone_ws/install/safe_quadrotor/lib/python3.12/site-packages/safe_quadrotor-0.0.0-py3.12.egg-info/requires.txt
/home/mulham-baig/drone_ws/install/safe_quadrotor/lib/python3.12/site-packages/safe_quadrotor-0.0.0-py3.12.egg-info/top_level.txt
/home/mulham-baig/drone_ws/install/safe_quadrotor/lib/python3.12/site-packages/safe_quadrotor-0.0.0-py3.12.egg-info/zip-safe
/home/mulham-baig/drone_ws/install/safe_quadrotor/lib/python3.12/site-packages/safe_quadrotor-0.0.0-py3.12.egg-info/SOURCES.txt
/home/mulham-baig/drone_ws/install/safe_quadrotor/lib/python3.12/site-packages/safe_quadrotor-0.0.0-py3.12.egg-info/entry_points.txt
/home/mulham-baig/drone_ws/install/safe_quadrotor/lib/safe_quadrotor/flight_controller
/home/mulham-baig/drone_ws/install/safe_quadrotor/lib/safe_quadrotor/safety_monitor
/home/mulham-baig/drone_ws/install/safe_quadrotor/lib/safe_quadrotor/waypoint_navigator
