[0.581s] Invoking command in '/home/mulham-baig/drone_ws/src/safe_quadrotor': DEBUGINFOD_URLS=https://debuginfod.ubuntu.com PYTHONPATH=/home/mulham-baig/drone_ws/build/safe_quadrotor/prefix_override:/usr/lib/python3/dist-packages/colcon_core/task/python/colcon_distutils_commands:/home/mulham-baig/drone_ws/install/safe_quadrotor/lib/python3.12/site-packages:${PYTHONPATH} /usr/bin/python3 -W ignore:setup.py install is deprecated -W ignore:easy_install command is deprecated setup.py egg_info --egg-base ../../build/safe_quadrotor build --build-base /home/mulham-baig/drone_ws/build/safe_quadrotor/build install --record /home/mulham-baig/drone_ws/build/safe_quadrotor/install.log --single-version-externally-managed install_data
[0.812s] running egg_info
[0.828s] writing ../../build/safe_quadrotor/safe_quadrotor.egg-info/PKG-INFO
[0.828s] writing dependency_links to ../../build/safe_quadrotor/safe_quadrotor.egg-info/dependency_links.txt
[0.828s] writing entry points to ../../build/safe_quadrotor/safe_quadrotor.egg-info/entry_points.txt
[0.829s] writing requirements to ../../build/safe_quadrotor/safe_quadrotor.egg-info/requires.txt
[0.829s] writing top-level names to ../../build/safe_quadrotor/safe_quadrotor.egg-info/top_level.txt
[0.853s] reading manifest file '../../build/safe_quadrotor/safe_quadrotor.egg-info/SOURCES.txt'
[0.854s] writing manifest file '../../build/safe_quadrotor/safe_quadrotor.egg-info/SOURCES.txt'
[0.854s] running build
[0.854s] running build_py
[0.854s] running install
[0.859s] running install_lib
[0.872s] running install_data
[0.872s] running install_egg_info
[0.886s] removing '/home/mulham-baig/drone_ws/install/safe_quadrotor/lib/python3.12/site-packages/safe_quadrotor-0.0.0-py3.12.egg-info' (and everything under it)
[0.887s] Copying ../../build/safe_quadrotor/safe_quadrotor.egg-info to /home/mulham-baig/drone_ws/install/safe_quadrotor/lib/python3.12/site-packages/safe_quadrotor-0.0.0-py3.12.egg-info
[0.887s] running install_scripts
[0.984s] Installing flight_controller script to /home/mulham-baig/drone_ws/install/safe_quadrotor/lib/safe_quadrotor
[0.984s] Installing safety_monitor script to /home/mulham-baig/drone_ws/install/safe_quadrotor/lib/safe_quadrotor
[0.985s] Installing waypoint_navigator script to /home/mulham-baig/drone_ws/install/safe_quadrotor/lib/safe_quadrotor
[0.985s] writing list of installed files to '/home/mulham-baig/drone_ws/build/safe_quadrotor/install.log'
[1.004s] Invoked command in '/home/mulham-baig/drone_ws/src/safe_quadrotor' returned '0': DEBUGINFOD_URLS=https://debuginfod.ubuntu.com PYTHONPATH=/home/mulham-baig/drone_ws/build/safe_quadrotor/prefix_override:/usr/lib/python3/dist-packages/colcon_core/task/python/colcon_distutils_commands:/home/mulham-baig/drone_ws/install/safe_quadrotor/lib/python3.12/site-packages:${PYTHONPATH} /usr/bin/python3 -W ignore:setup.py install is deprecated -W ignore:easy_install command is deprecated setup.py egg_info --egg-base ../../build/safe_quadrotor build --build-base /home/mulham-baig/drone_ws/build/safe_quadrotor/build install --record /home/mulham-baig/drone_ws/build/safe_quadrotor/install.log --single-version-externally-managed install_data
