[0.506s] Invoking command in '/home/mulham-baig/drone_ws/src/safe_quadrotor': DEBUGINFOD_URLS=https://debuginfod.ubuntu.com PYTHONPATH=/home/mulham-baig/drone_ws/build/safe_quadrotor/prefix_override:/usr/lib/python3/dist-packages/colcon_core/task/python/colcon_distutils_commands:/home/mulham-baig/drone_ws/install/safe_quadrotor/lib/python3.12/site-packages:${PYTHONPATH} /usr/bin/python3 -W ignore:setup.py install is deprecated -W ignore:easy_install command is deprecated setup.py egg_info --egg-base ../../build/safe_quadrotor build --build-base /home/mulham-baig/drone_ws/build/safe_quadrotor/build install --record /home/mulham-baig/drone_ws/build/safe_quadrotor/install.log --single-version-externally-managed install_data
[0.705s] running egg_info
[0.732s] writing ../../build/safe_quadrotor/safe_quadrotor.egg-info/PKG-INFO
[0.733s] writing dependency_links to ../../build/safe_quadrotor/safe_quadrotor.egg-info/dependency_links.txt
[0.733s] writing entry points to ../../build/safe_quadrotor/safe_quadrotor.egg-info/entry_points.txt
[0.733s] writing requirements to ../../build/safe_quadrotor/safe_quadrotor.egg-info/requires.txt
[0.733s] writing top-level names to ../../build/safe_quadrotor/safe_quadrotor.egg-info/top_level.txt
[0.776s] reading manifest file '../../build/safe_quadrotor/safe_quadrotor.egg-info/SOURCES.txt'
[0.777s] writing manifest file '../../build/safe_quadrotor/safe_quadrotor.egg-info/SOURCES.txt'
[0.777s] running build
[0.777s] running build_py
[0.777s] copying safe_quadrotor/safety_monitor.py -> /home/mulham-baig/drone_ws/build/safe_quadrotor/build/lib/safe_quadrotor
[0.778s] running install
[0.785s] running install_lib
[0.805s] copying /home/mulham-baig/drone_ws/build/safe_quadrotor/build/lib/safe_quadrotor/safety_monitor.py -> /home/mulham-baig/drone_ws/install/safe_quadrotor/lib/python3.12/site-packages/safe_quadrotor
[0.806s] byte-compiling /home/mulham-baig/drone_ws/install/safe_quadrotor/lib/python3.12/site-packages/safe_quadrotor/safety_monitor.py to safety_monitor.cpython-312.pyc
[0.807s] running install_data
[0.807s] running install_egg_info
[0.831s] removing '/home/mulham-baig/drone_ws/install/safe_quadrotor/lib/python3.12/site-packages/safe_quadrotor-0.0.0-py3.12.egg-info' (and everything under it)
[0.831s] Copying ../../build/safe_quadrotor/safe_quadrotor.egg-info to /home/mulham-baig/drone_ws/install/safe_quadrotor/lib/python3.12/site-packages/safe_quadrotor-0.0.0-py3.12.egg-info
[0.832s] running install_scripts
[0.928s] Installing flight_controller script to /home/mulham-baig/drone_ws/install/safe_quadrotor/lib/safe_quadrotor
[0.928s] Installing safety_monitor script to /home/mulham-baig/drone_ws/install/safe_quadrotor/lib/safe_quadrotor
[0.928s] Installing waypoint_navigator script to /home/mulham-baig/drone_ws/install/safe_quadrotor/lib/safe_quadrotor
[0.929s] writing list of installed files to '/home/mulham-baig/drone_ws/build/safe_quadrotor/install.log'
[0.951s] Invoked command in '/home/mulham-baig/drone_ws/src/safe_quadrotor' returned '0': DEBUGINFOD_URLS=https://debuginfod.ubuntu.com PYTHONPATH=/home/mulham-baig/drone_ws/build/safe_quadrotor/prefix_override:/usr/lib/python3/dist-packages/colcon_core/task/python/colcon_distutils_commands:/home/mulham-baig/drone_ws/install/safe_quadrotor/lib/python3.12/site-packages:${PYTHONPATH} /usr/bin/python3 -W ignore:setup.py install is deprecated -W ignore:easy_install command is deprecated setup.py egg_info --egg-base ../../build/safe_quadrotor build --build-base /home/mulham-baig/drone_ws/build/safe_quadrotor/build install --record /home/mulham-baig/drone_ws/build/safe_quadrotor/install.log --single-version-externally-managed install_data
